Command line invocation:
    /Applications/Xcode.app/Contents/Developer/usr/bin/xcodebuild -project Cafe.xcodeproj -scheme Cafe -sdk iphonesimulator build

Build settings from command line:
    SDKROOT = iphonesimulator26.1

2025-11-18 23:45:39.293 xcodebuild[82642:9938926] [MT] IDERunDestination: Supported platforms for the buildables in the current scheme is empty.
--- xcodebuild: WARNING: Using the first of multiple matching destinations:
{ platform:iOS Simulator, id:dvtdevice-DVTiOSDeviceSimulatorPlaceholder-iphonesimulator:placeholder, name:Any iOS Simulator Device }
{ platform:iOS Simulator, arch:arm64, id:45E79BAD-EAED-4493-897C-6D938352B54A, OS:26.1, name:iPad (A16) }
{ platform:iOS Simulator, arch:arm64, id:D7EC3DFD-EE89-4B03-A66B-6B4358EDF2DB, OS:26.1, name:iPad Air 11-inch (M3) }
{ platform:iOS Simulator, arch:arm64, id:EF9FE696-F921-4D3F-A565-0D94B38C03AD, OS:26.1, name:iPad Air 13-inch (M3) }
{ platform:iOS Simulator, arch:arm64, id:9ABC324C-4F73-431F-ACB0-A577F06F8A2B, OS:26.1, name:iPad Pro 11-inch (M5) }
{ platform:iOS Simulator, arch:arm64, id:DB6F0233-4FFD-400C-BE95-493CD870DAB1, OS:26.1, name:iPad Pro 13-inch (M5) }
{ platform:iOS Simulator, arch:arm64, id:55428DD7-6854-4974-97CE-7247EE0AC233, OS:26.1, name:iPad mini (A17 Pro) }
{ platform:iOS Simulator, arch:arm64, id:665D582B-5086-4192-8798-60D0B5A93283, OS:26.1, name:iPhone 16e }
{ platform:iOS Simulator, arch:arm64, id:EB3CF64D-60FF-441A-9F7E-1AB911E052A6, OS:26.1, name:iPhone 17 }
{ platform:iOS Simulator, arch:arm64, id:B72360B6-FAC8-46B5-9191-DE53A3146B0A, OS:26.1, name:iPhone 17 Pro }
{ platform:iOS Simulator, arch:arm64, id:A85835F7-9B92-4236-A255-D38603C89D48, OS:26.1, name:iPhone 17 Pro Max }
{ platform:iOS Simulator, arch:arm64, id:E47E7BFB-C178-416F-94F9-BE52C6BE0C11, OS:26.1, name:iPhone Air }
{ platform:macOS, arch:undefined_arch, variant:Designed for [iPad,iPhone], id:00006000-000259EE3C51801E, name:My Mac, error:Xcode doesn’t support My Mac’s macOS 26.0.1 (25A362).  }
{ platform:iOS, id:dvtdevice-DVTiPhonePlaceholder-iphoneos:placeholder, name:Any iOS Device }
ComputePackagePrebuildTargetDependencyGraph

Prepare packages

CreateBuildRequest

SendProjectDescription

CreateBuildOperation

ComputeTargetDependencyGraph
note: Building targets in dependency order
note: Target dependency graph (1 target)
    Target 'Cafe' in project 'Cafe' (no dependencies)

GatherProvisioningInputs

CreateBuildDescription

ExecuteExternalTool /Applications/Xcode.app/Contents/Developer/Toolchains/XcodeDefault.xctoolchain/usr/bin/clang -v -E -dM -isysroot /Applications/Xcode.app/Contents/Developer/Platforms/iPhoneSimulator.platform/Developer/SDKs/iPhoneSimulator26.1.sdk -x c -c /dev/null

ExecuteExternalTool /Applications/Xcode.app/Contents/Developer/usr/bin/actool --print-asset-tag-combinations --output-format xml1 /Users/scawful/Code/halext-org/ios/Cafe/Assets.xcassets

ExecuteExternalTool /Applications/Xcode.app/Contents/Developer/usr/bin/actool --version --output-format xml1

ExecuteExternalTool /Applications/Xcode.app/Contents/Developer/Toolchains/XcodeDefault.xctoolchain/usr/bin/swiftc --version

ExecuteExternalTool /Applications/Xcode.app/Contents/Developer/Toolchains/XcodeDefault.xctoolchain/usr/bin/ld -version_details

Build description signature: 6c129d02cc1f412853fb1341991025e4
Build description path: /Users/scawful/Library/Developer/Xcode/DerivedData/Cafe-fdujhjgqhojqnyffrluumxprnejz/Build/Intermediates.noindex/XCBuildData/6c129d02cc1f412853fb1341991025e4.xcbuilddata
ClangStatCache /Applications/Xcode.app/Contents/Developer/Toolchains/XcodeDefault.xctoolchain/usr/bin/clang-stat-cache /Applications/Xcode.app/Contents/Developer/Platforms/iPhoneSimulator.platform/Developer/SDKs/iPhoneSimulator26.1.sdk /Users/scawful/Library/Developer/Xcode/DerivedData/SDKStatCaches.noindex/iphonesimulator26.1-23B77-90cf18a4295e390e64c810bc6bd7acbc.sdkstatcache
    cd /Users/scawful/Code/halext-org/ios/Cafe.xcodeproj
    /Applications/Xcode.app/Contents/Developer/Toolchains/XcodeDefault.xctoolchain/usr/bin/clang-stat-cache /Applications/Xcode.app/Contents/Developer/Platforms/iPhoneSimulator.platform/Developer/SDKs/iPhoneSimulator26.1.sdk -o /Users/scawful/Library/Developer/Xcode/DerivedData/SDKStatCaches.noindex/iphonesimulator26.1-23B77-90cf18a4295e390e64c810bc6bd7acbc.sdkstatcache

WriteAuxiliaryFile /Users/scawful/Library/Developer/Xcode/DerivedData/Cafe-fdujhjgqhojqnyffrluumxprnejz/Build/Intermediates.noindex/Cafe.build/Debug-iphonesimulator/Cafe.build/Objects-normal/arm64/Cafe.SwiftFileList (in target 'Cafe' from project 'Cafe')
    cd /Users/scawful/Code/halext-org/ios
    write-file /Users/scawful/Library/Developer/Xcode/DerivedData/Cafe-fdujhjgqhojqnyffrluumxprnejz/Build/Intermediates.noindex/Cafe.build/Debug-iphonesimulator/Cafe.build/Objects-normal/arm64/Cafe.SwiftFileList

WriteAuxiliaryFile /Users/scawful/Library/Developer/Xcode/DerivedData/Cafe-fdujhjgqhojqnyffrluumxprnejz/Build/Intermediates.noindex/Cafe.build/Debug-iphonesimulator/Cafe.build/Objects-normal/arm64/Cafe.LinkFileList (in target 'Cafe' from project 'Cafe')
    cd /Users/scawful/Code/halext-org/ios
    write-file /Users/scawful/Library/Developer/Xcode/DerivedData/Cafe-fdujhjgqhojqnyffrluumxprnejz/Build/Intermediates.noindex/Cafe.build/Debug-iphonesimulator/Cafe.build/Objects-normal/arm64/Cafe.LinkFileList

ProcessProductPackaging "" /Users/scawful/Library/Developer/Xcode/DerivedData/Cafe-fdujhjgqhojqnyffrluumxprnejz/Build/Intermediates.noindex/Cafe.build/Debug-iphonesimulator/Cafe.build/Cafe.app-Simulated.xcent (in target 'Cafe' from project 'Cafe')
    cd /Users/scawful/Code/halext-org/ios
    
    Entitlements:
    
    {
    "application-identifier" = "SN8Z922TT6.org.halext.Cafe";
}
    
    builtin-productPackagingUtility -entitlements -format xml -o /Users/scawful/Library/Developer/Xcode/DerivedData/Cafe-fdujhjgqhojqnyffrluumxprnejz/Build/Intermediates.noindex/Cafe.build/Debug-iphonesimulator/Cafe.build/Cafe.app-Simulated.xcent

WriteAuxiliaryFile /Users/scawful/Library/Developer/Xcode/DerivedData/Cafe-fdujhjgqhojqnyffrluumxprnejz/Build/Intermediates.noindex/Cafe.build/Debug-iphonesimulator/Cafe.build/Objects-normal/arm64/Cafe.SwiftConstValuesFileList (in target 'Cafe' from project 'Cafe')
    cd /Users/scawful/Code/halext-org/ios
    write-file /Users/scawful/Library/Developer/Xcode/DerivedData/Cafe-fdujhjgqhojqnyffrluumxprnejz/Build/Intermediates.noindex/Cafe.build/Debug-iphonesimulator/Cafe.build/Objects-normal/arm64/Cafe.SwiftConstValuesFileList

WriteAuxiliaryFile /Users/scawful/Library/Developer/Xcode/DerivedData/Cafe-fdujhjgqhojqnyffrluumxprnejz/Build/Intermediates.noindex/Cafe.build/Debug-iphonesimulator/Cafe.build/Objects-normal/arm64/Cafe-OutputFileMap.json (in target 'Cafe' from project 'Cafe')
    cd /Users/scawful/Code/halext-org/ios
    write-file /Users/scawful/Library/Developer/Xcode/DerivedData/Cafe-fdujhjgqhojqnyffrluumxprnejz/Build/Intermediates.noindex/Cafe.build/Debug-iphonesimulator/Cafe.build/Objects-normal/arm64/Cafe-OutputFileMap.json

WriteAuxiliaryFile /Users/scawful/Library/Developer/Xcode/DerivedData/Cafe-fdujhjgqhojqnyffrluumxprnejz/Build/Intermediates.noindex/Cafe.build/Debug-iphonesimulator/Cafe.build/Objects-normal/x86_64/Cafe.SwiftFileList (in target 'Cafe' from project 'Cafe')
    cd /Users/scawful/Code/halext-org/ios
    write-file /Users/scawful/Library/Developer/Xcode/DerivedData/Cafe-fdujhjgqhojqnyffrluumxprnejz/Build/Intermediates.noindex/Cafe.build/Debug-iphonesimulator/Cafe.build/Objects-normal/x86_64/Cafe.SwiftFileList

WriteAuxiliaryFile /Users/scawful/Library/Developer/Xcode/DerivedData/Cafe-fdujhjgqhojqnyffrluumxprnejz/Build/Intermediates.noindex/Cafe.build/Debug-iphonesimulator/Cafe.build/Objects-normal/x86_64/Cafe_const_extract_protocols.json (in target 'Cafe' from project 'Cafe')
    cd /Users/scawful/Code/halext-org/ios
    write-file /Users/scawful/Library/Developer/Xcode/DerivedData/Cafe-fdujhjgqhojqnyffrluumxprnejz/Build/Intermediates.noindex/Cafe.build/Debug-iphonesimulator/Cafe.build/Objects-normal/x86_64/Cafe_const_extract_protocols.json

WriteAuxiliaryFile /Users/scawful/Library/Developer/Xcode/DerivedData/Cafe-fdujhjgqhojqnyffrluumxprnejz/Build/Intermediates.noindex/Cafe.build/Debug-iphonesimulator/Cafe.build/Objects-normal/x86_64/Cafe.SwiftConstValuesFileList (in target 'Cafe' from project 'Cafe')
    cd /Users/scawful/Code/halext-org/ios
    write-file /Users/scawful/Library/Developer/Xcode/DerivedData/Cafe-fdujhjgqhojqnyffrluumxprnejz/Build/Intermediates.noindex/Cafe.build/Debug-iphonesimulator/Cafe.build/Objects-normal/x86_64/Cafe.SwiftConstValuesFileList

WriteAuxiliaryFile /Users/scawful/Library/Developer/Xcode/DerivedData/Cafe-fdujhjgqhojqnyffrluumxprnejz/Build/Intermediates.noindex/Cafe.build/Debug-iphonesimulator/Cafe.build/Objects-normal/x86_64/Cafe.LinkFileList (in target 'Cafe' from project 'Cafe')
    cd /Users/scawful/Code/halext-org/ios
    write-file /Users/scawful/Library/Developer/Xcode/DerivedData/Cafe-fdujhjgqhojqnyffrluumxprnejz/Build/Intermediates.noindex/Cafe.build/Debug-iphonesimulator/Cafe.build/Objects-normal/x86_64/Cafe.LinkFileList

WriteAuxiliaryFile /Users/scawful/Library/Developer/Xcode/DerivedData/Cafe-fdujhjgqhojqnyffrluumxprnejz/Build/Intermediates.noindex/Cafe.build/Debug-iphonesimulator/Cafe.build/Objects-normal/x86_64/Cafe-OutputFileMap.json (in target 'Cafe' from project 'Cafe')
    cd /Users/scawful/Code/halext-org/ios
    write-file /Users/scawful/Library/Developer/Xcode/DerivedData/Cafe-fdujhjgqhojqnyffrluumxprnejz/Build/Intermediates.noindex/Cafe.build/Debug-iphonesimulator/Cafe.build/Objects-normal/x86_64/Cafe-OutputFileMap.json

WriteAuxiliaryFile /Users/scawful/Library/Developer/Xcode/DerivedData/Cafe-fdujhjgqhojqnyffrluumxprnejz/Build/Intermediates.noindex/Cafe.build/Debug-iphonesimulator/Cafe.build/Cafe-DebugDylibPath-normal-x86_64.txt (in target 'Cafe' from project 'Cafe')
    cd /Users/scawful/Code/halext-org/ios
    write-file /Users/scawful/Library/Developer/Xcode/DerivedData/Cafe-fdujhjgqhojqnyffrluumxprnejz/Build/Intermediates.noindex/Cafe.build/Debug-iphonesimulator/Cafe.build/Cafe-DebugDylibPath-normal-x86_64.txt

WriteAuxiliaryFile /Users/scawful/Library/Developer/Xcode/DerivedData/Cafe-fdujhjgqhojqnyffrluumxprnejz/Build/Intermediates.noindex/Cafe.build/Debug-iphonesimulator/Cafe.build/Cafe-DebugDylibInstallName-normal-x86_64.txt (in target 'Cafe' from project 'Cafe')
    cd /Users/scawful/Code/halext-org/ios
    write-file /Users/scawful/Library/Developer/Xcode/DerivedData/Cafe-fdujhjgqhojqnyffrluumxprnejz/Build/Intermediates.noindex/Cafe.build/Debug-iphonesimulator/Cafe.build/Cafe-DebugDylibInstallName-normal-x86_64.txt

ProcessProductPackagingDER /Users/scawful/Library/Developer/Xcode/DerivedData/Cafe-fdujhjgqhojqnyffrluumxprnejz/Build/Intermediates.noindex/Cafe.build/Debug-iphonesimulator/Cafe.build/Cafe.app-Simulated.xcent /Users/scawful/Library/Developer/Xcode/DerivedData/Cafe-fdujhjgqhojqnyffrluumxprnejz/Build/Intermediates.noindex/Cafe.build/Debug-iphonesimulator/Cafe.build/Cafe.app-Simulated.xcent.der (in target 'Cafe' from project 'Cafe')
    cd /Users/scawful/Code/halext-org/ios
    /usr/bin/derq query -f xml -i /Users/scawful/Library/Developer/Xcode/DerivedData/Cafe-fdujhjgqhojqnyffrluumxprnejz/Build/Intermediates.noindex/Cafe.build/Debug-iphonesimulator/Cafe.build/Cafe.app-Simulated.xcent -o /Users/scawful/Library/Developer/Xcode/DerivedData/Cafe-fdujhjgqhojqnyffrluumxprnejz/Build/Intermediates.noindex/Cafe.build/Debug-iphonesimulator/Cafe.build/Cafe.app-Simulated.xcent.der --raw

CompileAssetCatalogVariant thinned /Users/scawful/Library/Developer/Xcode/DerivedData/Cafe-fdujhjgqhojqnyffrluumxprnejz/Build/Products/Debug-iphonesimulator/Cafe.app /Users/scawful/Code/halext-org/ios/Cafe/Assets.xcassets (in target 'Cafe' from project 'Cafe')
    cd /Users/scawful/Code/halext-org/ios
    /Applications/Xcode.app/Contents/Developer/usr/bin/actool /Users/scawful/Code/halext-org/ios/Cafe/Assets.xcassets --compile /Users/scawful/Library/Developer/Xcode/DerivedData/Cafe-fdujhjgqhojqnyffrluumxprnejz/Build/Intermediates.noindex/Cafe.build/Debug-iphonesimulator/Cafe.build/assetcatalog_output/thinned --output-format human-readable-text --notices --warnings --export-dependency-info /Users/scawful/Library/Developer/Xcode/DerivedData/Cafe-fdujhjgqhojqnyffrluumxprnejz/Build/Intermediates.noindex/Cafe.build/Debug-iphonesimulator/Cafe.build/assetcatalog_dependencies_thinned --output-partial-info-plist /Users/scawful/Library/Developer/Xcode/DerivedData/Cafe-fdujhjgqhojqnyffrluumxprnejz/Build/Intermediates.noindex/Cafe.build/Debug-iphonesimulator/Cafe.build/assetcatalog_generated_info.plist_thinned --app-icon AppIcon --accent-color AccentColor --compress-pngs --enable-on-demand-resources YES --development-region en --target-device iphone --target-device ipad --minimum-deployment-target 26.1 --platform iphonesimulator
/* com.apple.actool.compilation-results */
/Users/scawful/Library/Developer/Xcode/DerivedData/Cafe-fdujhjgqhojqnyffrluumxprnejz/Build/Intermediates.noindex/Cafe.build/Debug-iphonesimulator/Cafe.build/assetcatalog_generated_info.plist_thinned


Ld /Users/scawful/Library/Developer/Xcode/DerivedData/Cafe-fdujhjgqhojqnyffrluumxprnejz/Build/Intermediates.noindex/Cafe.build/Debug-iphonesimulator/Cafe.build/Objects-normal/x86_64/Binary/__preview.dylib normal x86_64 (in target 'Cafe' from project 'Cafe')
    cd /Users/scawful/Code/halext-org/ios
    /Applications/Xcode.app/Contents/Developer/Toolchains/XcodeDefault.xctoolchain/usr/bin/clang -Xlinker -reproducible -target x86_64-apple-ios26.1-simulator -dynamiclib -isysroot /Applications/Xcode.app/Contents/Developer/Platforms/iPhoneSimulator.platform/Developer/SDKs/iPhoneSimulator26.1.sdk -O0 -L/Users/scawful/Library/Developer/Xcode/DerivedData/Cafe-fdujhjgqhojqnyffrluumxprnejz/Build/Products/Debug-iphonesimulator -F/Users/scawful/Library/Developer/Xcode/DerivedData/Cafe-fdujhjgqhojqnyffrluumxprnejz/Build/Products/Debug-iphonesimulator -install_name @rpath/Cafe.debug.dylib -dead_strip -rdynamic -Xlinker -no_deduplicate -Xlinker -objc_abi_version -Xlinker 2 -Xlinker -dependency_info -Xlinker /Users/scawful/Library/Developer/Xcode/DerivedData/Cafe-fdujhjgqhojqnyffrluumxprnejz/Build/Intermediates.noindex/Cafe.build/Debug-iphonesimulator/Cafe.build/Objects-normal/x86_64/Cafe_dependency_info.dat -Xlinker -sectcreate -Xlinker __TEXT -Xlinker __entitlements -Xlinker /Users/scawful/Library/Developer/Xcode/DerivedData/Cafe-fdujhjgqhojqnyffrluumxprnejz/Build/Intermediates.noindex/Cafe.build/Debug-iphonesimulator/Cafe.build/Cafe.app-Simulated.xcent -Xlinker -sectcreate -Xlinker __TEXT -Xlinker __ents_der -Xlinker /Users/scawful/Library/Developer/Xcode/DerivedData/Cafe-fdujhjgqhojqnyffrluumxprnejz/Build/Intermediates.noindex/Cafe.build/Debug-iphonesimulator/Cafe.build/Cafe.app-Simulated.xcent.der -Xlinker -no_adhoc_codesign -o /Users/scawful/Library/Developer/Xcode/DerivedData/Cafe-fdujhjgqhojqnyffrluumxprnejz/Build/Intermediates.noindex/Cafe.build/Debug-iphonesimulator/Cafe.build/Objects-normal/x86_64/Binary/__preview.dylib

Ld /Users/scawful/Library/Developer/Xcode/DerivedData/Cafe-fdujhjgqhojqnyffrluumxprnejz/Build/Intermediates.noindex/Cafe.build/Debug-iphonesimulator/Cafe.build/Objects-normal/arm64/Binary/__preview.dylib normal arm64 (in target 'Cafe' from project 'Cafe')
    cd /Users/scawful/Code/halext-org/ios
    /Applications/Xcode.app/Contents/Developer/Toolchains/XcodeDefault.xctoolchain/usr/bin/clang -Xlinker -reproducible -target arm64-apple-ios26.1-simulator -dynamiclib -isysroot /Applications/Xcode.app/Contents/Developer/Platforms/iPhoneSimulator.platform/Developer/SDKs/iPhoneSimulator26.1.sdk -O0 -L/Users/scawful/Library/Developer/Xcode/DerivedData/Cafe-fdujhjgqhojqnyffrluumxprnejz/Build/Products/Debug-iphonesimulator -F/Users/scawful/Library/Developer/Xcode/DerivedData/Cafe-fdujhjgqhojqnyffrluumxprnejz/Build/Products/Debug-iphonesimulator -install_name @rpath/Cafe.debug.dylib -dead_strip -rdynamic -Xlinker -no_deduplicate -Xlinker -objc_abi_version -Xlinker 2 -Xlinker -dependency_info -Xlinker /Users/scawful/Library/Developer/Xcode/DerivedData/Cafe-fdujhjgqhojqnyffrluumxprnejz/Build/Intermediates.noindex/Cafe.build/Debug-iphonesimulator/Cafe.build/Objects-normal/arm64/Cafe_dependency_info.dat -Xlinker -sectcreate -Xlinker __TEXT -Xlinker __entitlements -Xlinker /Users/scawful/Library/Developer/Xcode/DerivedData/Cafe-fdujhjgqhojqnyffrluumxprnejz/Build/Intermediates.noindex/Cafe.build/Debug-iphonesimulator/Cafe.build/Cafe.app-Simulated.xcent -Xlinker -sectcreate -Xlinker __TEXT -Xlinker __ents_der -Xlinker /Users/scawful/Library/Developer/Xcode/DerivedData/Cafe-fdujhjgqhojqnyffrluumxprnejz/Build/Intermediates.noindex/Cafe.build/Debug-iphonesimulator/Cafe.build/Cafe.app-Simulated.xcent.der -Xlinker -no_adhoc_codesign -o /Users/scawful/Library/Developer/Xcode/DerivedData/Cafe-fdujhjgqhojqnyffrluumxprnejz/Build/Intermediates.noindex/Cafe.build/Debug-iphonesimulator/Cafe.build/Objects-normal/arm64/Binary/__preview.dylib

ProcessInfoPlistFile /Users/scawful/Library/Developer/Xcode/DerivedData/Cafe-fdujhjgqhojqnyffrluumxprnejz/Build/Products/Debug-iphonesimulator/Cafe.app/Info.plist /Users/scawful/Library/Developer/Xcode/DerivedData/Cafe-fdujhjgqhojqnyffrluumxprnejz/Build/Intermediates.noindex/Cafe.build/Debug-iphonesimulator/Cafe.build/empty-Cafe.plist (in target 'Cafe' from project 'Cafe')
    cd /Users/scawful/Code/halext-org/ios
    builtin-infoPlistUtility /Users/scawful/Library/Developer/Xcode/DerivedData/Cafe-fdujhjgqhojqnyffrluumxprnejz/Build/Intermediates.noindex/Cafe.build/Debug-iphonesimulator/Cafe.build/empty-Cafe.plist -producttype com.apple.product-type.application -genpkginfo /Users/scawful/Library/Developer/Xcode/DerivedData/Cafe-fdujhjgqhojqnyffrluumxprnejz/Build/Products/Debug-iphonesimulator/Cafe.app/PkgInfo -expandbuildsettings -format binary -platform iphonesimulator -additionalcontentfile /Users/scawful/Library/Developer/Xcode/DerivedData/Cafe-fdujhjgqhojqnyffrluumxprnejz/Build/Intermediates.noindex/Cafe.build/Debug-iphonesimulator/Cafe.build/assetcatalog_generated_info.plist -o /Users/scawful/Library/Developer/Xcode/DerivedData/Cafe-fdujhjgqhojqnyffrluumxprnejz/Build/Products/Debug-iphonesimulator/Cafe.app/Info.plist

CreateUniversalBinary /Users/scawful/Library/Developer/Xcode/DerivedData/Cafe-fdujhjgqhojqnyffrluumxprnejz/Build/Products/Debug-iphonesimulator/Cafe.app/__preview.dylib normal arm64\ x86_64 (in target 'Cafe' from project 'Cafe')
    cd /Users/scawful/Code/halext-org/ios
    /Applications/Xcode.app/Contents/Developer/Toolchains/XcodeDefault.xctoolchain/usr/bin/lipo -create /Users/scawful/Library/Developer/Xcode/DerivedData/Cafe-fdujhjgqhojqnyffrluumxprnejz/Build/Intermediates.noindex/Cafe.build/Debug-iphonesimulator/Cafe.build/Objects-normal/arm64/Binary/__preview.dylib /Users/scawful/Library/Developer/Xcode/DerivedData/Cafe-fdujhjgqhojqnyffrluumxprnejz/Build/Intermediates.noindex/Cafe.build/Debug-iphonesimulator/Cafe.build/Objects-normal/x86_64/Binary/__preview.dylib -output /Users/scawful/Library/Developer/Xcode/DerivedData/Cafe-fdujhjgqhojqnyffrluumxprnejz/Build/Products/Debug-iphonesimulator/Cafe.app/__preview.dylib

SwiftDriver Cafe normal x86_64 com.apple.xcode.tools.swift.compiler (in target 'Cafe' from project 'Cafe')
    cd /Users/scawful/Code/halext-org/ios
    builtin-SwiftDriver -- /Applications/Xcode.app/Contents/Developer/Toolchains/XcodeDefault.xctoolchain/usr/bin/swiftc -module-name Cafe -Onone -enforce-exclusivity\=checked @/Users/scawful/Library/Developer/Xcode/DerivedData/Cafe-fdujhjgqhojqnyffrluumxprnejz/Build/Intermediates.noindex/Cafe.build/Debug-iphonesimulator/Cafe.build/Objects-normal/x86_64/Cafe.SwiftFileList -DDEBUG -default-isolation\=MainActor -enable-bare-slash-regex -enable-upcoming-feature DisableOutwardActorInference -enable-upcoming-feature InferSendableFromCaptures -enable-upcoming-feature GlobalActorIsolatedTypesUsability -enable-upcoming-feature MemberImportVisibility -enable-upcoming-feature InferIsolatedConformances -enable-upcoming-feature NonisolatedNonsendingByDefault -enable-experimental-feature DebugDescriptionMacro -sdk /Applications/Xcode.app/Contents/Developer/Platforms/iPhoneSimulator.platform/Developer/SDKs/iPhoneSimulator26.1.sdk -target x86_64-apple-ios26.1-simulator -g -module-cache-path /Users/scawful/Library/Developer/Xcode/DerivedData/ModuleCache.noindex -Xfrontend -serialize-debugging-options -enable-testing -index-store-path /Users/scawful/Library/Developer/Xcode/DerivedData/Cafe-fdujhjgqhojqnyffrluumxprnejz/Index.noindex/DataStore -Xcc -D_LIBCPP_HARDENING_MODE\=_LIBCPP_HARDENING_MODE_DEBUG -swift-version 5 -I /Users/scawful/Library/Developer/Xcode/DerivedData/Cafe-fdujhjgqhojqnyffrluumxprnejz/Build/Products/Debug-iphonesimulator -F /Users/scawful/Library/Developer/Xcode/DerivedData/Cafe-fdujhjgqhojqnyffrluumxprnejz/Build/Products/Debug-iphonesimulator -emit-localized-strings -emit-localized-strings-path /Users/scawful/Library/Developer/Xcode/DerivedData/Cafe-fdujhjgqhojqnyffrluumxprnejz/Build/Intermediates.noindex/Cafe.build/Debug-iphonesimulator/Cafe.build/Objects-normal/x86_64 -c -j10 -enable-batch-mode -incremental -Xcc -ivfsstatcache -Xcc /Users/scawful/Library/Developer/Xcode/DerivedData/SDKStatCaches.noindex/iphonesimulator26.1-23B77-90cf18a4295e390e64c810bc6bd7acbc.sdkstatcache -output-file-map /Users/scawful/Library/Developer/Xcode/DerivedData/Cafe-fdujhjgqhojqnyffrluumxprnejz/Build/Intermediates.noindex/Cafe.build/Debug-iphonesimulator/Cafe.build/Objects-normal/x86_64/Cafe-OutputFileMap.json -use-frontend-parseable-output -save-temps -no-color-diagnostics -explicit-module-build -module-cache-path /Users/scawful/Library/Developer/Xcode/DerivedData/Cafe-fdujhjgqhojqnyffrluumxprnejz/Build/Intermediates.noindex/SwiftExplicitPrecompiledModules -clang-scanner-module-cache-path /Users/scawful/Library/Developer/Xcode/DerivedData/ModuleCache.noindex -sdk-module-cache-path /Users/scawful/Library/Developer/Xcode/DerivedData/ModuleCache.noindex -serialize-diagnostics -emit-dependencies -emit-module -emit-module-path /Users/scawful/Library/Developer/Xcode/DerivedData/Cafe-fdujhjgqhojqnyffrluumxprnejz/Build/Intermediates.noindex/Cafe.build/Debug-iphonesimulator/Cafe.build/Objects-normal/x86_64/Cafe.swiftmodule -validate-clang-modules-once -clang-build-session-file /Users/scawful/Library/Developer/Xcode/DerivedData/ModuleCache.noindex/Session.modulevalidation -Xcc -I/Users/scawful/Library/Developer/Xcode/DerivedData/Cafe-fdujhjgqhojqnyffrluumxprnejz/Build/Intermediates.noindex/Cafe.build/Debug-iphonesimulator/Cafe.build/swift-overrides.hmap -emit-const-values -Xfrontend -const-gather-protocols-file -Xfrontend /Users/scawful/Library/Developer/Xcode/DerivedData/Cafe-fdujhjgqhojqnyffrluumxprnejz/Build/Intermediates.noindex/Cafe.build/Debug-iphonesimulator/Cafe.build/Objects-normal/x86_64/Cafe_const_extract_protocols.json -Xcc -iquote -Xcc /Users/scawful/Library/Developer/Xcode/DerivedData/Cafe-fdujhjgqhojqnyffrluumxprnejz/Build/Intermediates.noindex/Cafe.build/Debug-iphonesimulator/Cafe.build/Cafe-generated-files.hmap -Xcc -I/Users/scawful/Library/Developer/Xcode/DerivedData/Cafe-fdujhjgqhojqnyffrluumxprnejz/Build/Intermediates.noindex/Cafe.build/Debug-iphonesimulator/Cafe.build/Cafe-own-target-headers.hmap -Xcc -I/Users/scawful/Library/Developer/Xcode/DerivedData/Cafe-fdujhjgqhojqnyffrluumxprnejz/Build/Intermediates.noindex/Cafe.build/Debug-iphonesimulator/Cafe.build/Cafe-all-target-headers.hmap -Xcc -iquote -Xcc /Users/scawful/Library/Developer/Xcode/DerivedData/Cafe-fdujhjgqhojqnyffrluumxprnejz/Build/Intermediates.noindex/Cafe.build/Debug-iphonesimulator/Cafe.build/Cafe-project-headers.hmap -Xcc -I/Users/scawful/Library/Developer/Xcode/DerivedData/Cafe-fdujhjgqhojqnyffrluumxprnejz/Build/Products/Debug-iphonesimulator/include -Xcc -I/Users/scawful/Library/Developer/Xcode/DerivedData/Cafe-fdujhjgqhojqnyffrluumxprnejz/Build/Intermediates.noindex/Cafe.build/Debug-iphonesimulator/Cafe.build/DerivedSources-normal/x86_64 -Xcc -I/Users/scawful/Library/Developer/Xcode/DerivedData/Cafe-fdujhjgqhojqnyffrluumxprnejz/Build/Intermediates.noindex/Cafe.build/Debug-iphonesimulator/Cafe.build/DerivedSources/x86_64 -Xcc -I/Users/scawful/Library/Developer/Xcode/DerivedData/Cafe-fdujhjgqhojqnyffrluumxprnejz/Build/Intermediates.noindex/Cafe.build/Debug-iphonesimulator/Cafe.build/DerivedSources -Xcc -DDEBUG\=1 -emit-objc-header -emit-objc-header-path /Users/scawful/Library/Developer/Xcode/DerivedData/Cafe-fdujhjgqhojqnyffrluumxprnejz/Build/Intermediates.noindex/Cafe.build/Debug-iphonesimulator/Cafe.build/Objects-normal/x86_64/Cafe-Swift.h -working-directory /Users/scawful/Code/halext-org/ios -experimental-emit-module-separately -disable-cmo

SwiftDriver Cafe normal arm64 com.apple.xcode.tools.swift.compiler (in target 'Cafe' from project 'Cafe')
    cd /Users/scawful/Code/halext-org/ios
    builtin-SwiftDriver -- /Applications/Xcode.app/Contents/Developer/Toolchains/XcodeDefault.xctoolchain/usr/bin/swiftc -module-name Cafe -Onone -enforce-exclusivity\=checked @/Users/scawful/Library/Developer/Xcode/DerivedData/Cafe-fdujhjgqhojqnyffrluumxprnejz/Build/Intermediates.noindex/Cafe.build/Debug-iphonesimulator/Cafe.build/Objects-normal/arm64/Cafe.SwiftFileList -DDEBUG -default-isolation\=MainActor -enable-bare-slash-regex -enable-upcoming-feature DisableOutwardActorInference -enable-upcoming-feature InferSendableFromCaptures -enable-upcoming-feature GlobalActorIsolatedTypesUsability -enable-upcoming-feature MemberImportVisibility -enable-upcoming-feature InferIsolatedConformances -enable-upcoming-feature NonisolatedNonsendingByDefault -enable-experimental-feature DebugDescriptionMacro -sdk /Applications/Xcode.app/Contents/Developer/Platforms/iPhoneSimulator.platform/Developer/SDKs/iPhoneSimulator26.1.sdk -target arm64-apple-ios26.1-simulator -g -module-cache-path /Users/scawful/Library/Developer/Xcode/DerivedData/ModuleCache.noindex -Xfrontend -serialize-debugging-options -enable-testing -index-store-path /Users/scawful/Library/Developer/Xcode/DerivedData/Cafe-fdujhjgqhojqnyffrluumxprnejz/Index.noindex/DataStore -Xcc -D_LIBCPP_HARDENING_MODE\=_LIBCPP_HARDENING_MODE_DEBUG -swift-version 5 -I /Users/scawful/Library/Developer/Xcode/DerivedData/Cafe-fdujhjgqhojqnyffrluumxprnejz/Build/Products/Debug-iphonesimulator -F /Users/scawful/Library/Developer/Xcode/DerivedData/Cafe-fdujhjgqhojqnyffrluumxprnejz/Build/Products/Debug-iphonesimulator -emit-localized-strings -emit-localized-strings-path /Users/scawful/Library/Developer/Xcode/DerivedData/Cafe-fdujhjgqhojqnyffrluumxprnejz/Build/Intermediates.noindex/Cafe.build/Debug-iphonesimulator/Cafe.build/Objects-normal/arm64 -c -j10 -enable-batch-mode -incremental -Xcc -ivfsstatcache -Xcc /Users/scawful/Library/Developer/Xcode/DerivedData/SDKStatCaches.noindex/iphonesimulator26.1-23B77-90cf18a4295e390e64c810bc6bd7acbc.sdkstatcache -output-file-map /Users/scawful/Library/Developer/Xcode/DerivedData/Cafe-fdujhjgqhojqnyffrluumxprnejz/Build/Intermediates.noindex/Cafe.build/Debug-iphonesimulator/Cafe.build/Objects-normal/arm64/Cafe-OutputFileMap.json -use-frontend-parseable-output -save-temps -no-color-diagnostics -explicit-module-build -module-cache-path /Users/scawful/Library/Developer/Xcode/DerivedData/Cafe-fdujhjgqhojqnyffrluumxprnejz/Build/Intermediates.noindex/SwiftExplicitPrecompiledModules -clang-scanner-module-cache-path /Users/scawful/Library/Developer/Xcode/DerivedData/ModuleCache.noindex -sdk-module-cache-path /Users/scawful/Library/Developer/Xcode/DerivedData/ModuleCache.noindex -serialize-diagnostics -emit-dependencies -emit-module -emit-module-path /Users/scawful/Library/Developer/Xcode/DerivedData/Cafe-fdujhjgqhojqnyffrluumxprnejz/Build/Intermediates.noindex/Cafe.build/Debug-iphonesimulator/Cafe.build/Objects-normal/arm64/Cafe.swiftmodule -validate-clang-modules-once -clang-build-session-file /Users/scawful/Library/Developer/Xcode/DerivedData/ModuleCache.noindex/Session.modulevalidation -Xcc -I/Users/scawful/Library/Developer/Xcode/DerivedData/Cafe-fdujhjgqhojqnyffrluumxprnejz/Build/Intermediates.noindex/Cafe.build/Debug-iphonesimulator/Cafe.build/swift-overrides.hmap -emit-const-values -Xfrontend -const-gather-protocols-file -Xfrontend /Users/scawful/Library/Developer/Xcode/DerivedData/Cafe-fdujhjgqhojqnyffrluumxprnejz/Build/Intermediates.noindex/Cafe.build/Debug-iphonesimulator/Cafe.build/Objects-normal/arm64/Cafe_const_extract_protocols.json -Xcc -iquote -Xcc /Users/scawful/Library/Developer/Xcode/DerivedData/Cafe-fdujhjgqhojqnyffrluumxprnejz/Build/Intermediates.noindex/Cafe.build/Debug-iphonesimulator/Cafe.build/Cafe-generated-files.hmap -Xcc -I/Users/scawful/Library/Developer/Xcode/DerivedData/Cafe-fdujhjgqhojqnyffrluumxprnejz/Build/Intermediates.noindex/Cafe.build/Debug-iphonesimulator/Cafe.build/Cafe-own-target-headers.hmap -Xcc -I/Users/scawful/Library/Developer/Xcode/DerivedData/Cafe-fdujhjgqhojqnyffrluumxprnejz/Build/Intermediates.noindex/Cafe.build/Debug-iphonesimulator/Cafe.build/Cafe-all-target-headers.hmap -Xcc -iquote -Xcc /Users/scawful/Library/Developer/Xcode/DerivedData/Cafe-fdujhjgqhojqnyffrluumxprnejz/Build/Intermediates.noindex/Cafe.build/Debug-iphonesimulator/Cafe.build/Cafe-project-headers.hmap -Xcc -I/Users/scawful/Library/Developer/Xcode/DerivedData/Cafe-fdujhjgqhojqnyffrluumxprnejz/Build/Products/Debug-iphonesimulator/include -Xcc -I/Users/scawful/Library/Developer/Xcode/DerivedData/Cafe-fdujhjgqhojqnyffrluumxprnejz/Build/Intermediates.noindex/Cafe.build/Debug-iphonesimulator/Cafe.build/DerivedSources-normal/arm64 -Xcc -I/Users/scawful/Library/Developer/Xcode/DerivedData/Cafe-fdujhjgqhojqnyffrluumxprnejz/Build/Intermediates.noindex/Cafe.build/Debug-iphonesimulator/Cafe.build/DerivedSources/arm64 -Xcc -I/Users/scawful/Library/Developer/Xcode/DerivedData/Cafe-fdujhjgqhojqnyffrluumxprnejz/Build/Intermediates.noindex/Cafe.build/Debug-iphonesimulator/Cafe.build/DerivedSources -Xcc -DDEBUG\=1 -emit-objc-header -emit-objc-header-path /Users/scawful/Library/Developer/Xcode/DerivedData/Cafe-fdujhjgqhojqnyffrluumxprnejz/Build/Intermediates.noindex/Cafe.build/Debug-iphonesimulator/Cafe.build/Objects-normal/arm64/Cafe-Swift.h -working-directory /Users/scawful/Code/halext-org/ios -experimental-emit-module-separately -disable-cmo

SwiftCompile normal x86_64 Compiling\ BiometricAuthView.swift,\ LoginView.swift,\ RegisterView.swift /Users/scawful/Code/halext-org/ios/Cafe/Features/Auth/BiometricAuthView.swift /Users/scawful/Code/halext-org/ios/Cafe/Features/Auth/LoginView.swift /Users/scawful/Code/halext-org/ios/Cafe/Features/Auth/RegisterView.swift (in target 'Cafe' from project 'Cafe')

SwiftCompile normal x86_64 /Users/scawful/Code/halext-org/ios/Cafe/Features/Auth/BiometricAuthView.swift (in target 'Cafe' from project 'Cafe')
    cd /Users/scawful/Code/halext-org/ios
    

SwiftCompile normal x86_64 /Users/scawful/Code/halext-org/ios/Cafe/Features/Auth/LoginView.swift (in target 'Cafe' from project 'Cafe')
    cd /Users/scawful/Code/halext-org/ios
    

SwiftCompile normal x86_64 /Users/scawful/Code/halext-org/ios/Cafe/Features/Auth/RegisterView.swift (in target 'Cafe' from project 'Cafe')
    cd /Users/scawful/Code/halext-org/ios
    

SwiftCompile normal x86_64 Compiling\ KeychainManager.swift,\ AppIntents.swift,\ AiChatMessage.swift,\ Models.swift /Users/scawful/Code/halext-org/ios/Cafe/Core/Auth/KeychainManager.swift /Users/scawful/Code/halext-org/ios/Cafe/Core/Intents/AppIntents.swift /Users/scawful/Code/halext-org/ios/Cafe/Core/Models/AiChatMessage.swift /Users/scawful/Code/halext-org/ios/Cafe/Core/Models/Models.swift (in target 'Cafe' from project 'Cafe')
SwiftCompile normal x86_64 /Users/scawful/Code/halext-org/ios/Cafe/Core/Auth/KeychainManager.swift (in target 'Cafe' from project 'Cafe')
    cd /Users/scawful/Code/halext-org/ios
    

SwiftCompile normal x86_64 /Users/scawful/Code/halext-org/ios/Cafe/Core/Intents/AppIntents.swift (in target 'Cafe' from project 'Cafe')
    cd /Users/scawful/Code/halext-org/ios
    

SwiftCompile normal x86_64 /Users/scawful/Code/halext-org/ios/Cafe/Core/Models/AiChatMessage.swift (in target 'Cafe' from project 'Cafe')
    cd /Users/scawful/Code/halext-org/ios
    

SwiftCompile normal x86_64 /Users/scawful/Code/halext-org/ios/Cafe/Core/Models/Models.swift (in target 'Cafe' from project 'Cafe')
    cd /Users/scawful/Code/halext-org/ios
    

SwiftCompile normal x86_64 Compiling\ StorageManager.swift,\ SwiftDataModels.swift,\ SyncManager.swift /Users/scawful/Code/halext-org/ios/Cafe/Core/Storage/StorageManager.swift /Users/scawful/Code/halext-org/ios/Cafe/Core/Storage/SwiftDataModels.swift /Users/scawful/Code/halext-org/ios/Cafe/Core/Sync/SyncManager.swift (in target 'Cafe' from project 'Cafe')

SwiftCompile normal x86_64 /Users/scawful/Code/halext-org/ios/Cafe/Core/Storage/StorageManager.swift (in target 'Cafe' from project 'Cafe')
    cd /Users/scawful/Code/halext-org/ios
    
/Users/scawful/Code/halext-org/ios/Cafe/Core/Storage/StorageManager.swift:86:39: error: value of type 'Task' has no member 'updatedAt'
        existingTask.updatedAt = task.updatedAt
                                 ~~~~ ^~~~~~~~~

SwiftCompile normal x86_64 /Users/scawful/Code/halext-org/ios/Cafe/Core/Storage/SwiftDataModels.swift (in target 'Cafe' from project 'Cafe')
    cd /Users/scawful/Code/halext-org/ios
    
/Users/scawful/Code/halext-org/ios/Cafe/Core/Storage/SwiftDataModels.swift:191:31: error: cannot find type 'Label' in scope
    static func from(_ label: Label) -> LabelModel {
                              ^~~~~
/Users/scawful/Code/halext-org/ios/Cafe/Core/Storage/SwiftDataModels.swift:187:23: error: cannot find type 'Label' in scope
    func toLabel() -> Label {
                      ^~~~~
/Users/scawful/Code/halext-org/ios/Cafe/Core/Storage/SwiftDataModels.swift:62:13: error: extra arguments at positions #7, #8 in call
        Task(
            ^
/Users/scawful/Code/halext-org/ios/Cafe/Core/Models/Models.swift:73:8: note: 'init(id:title:description:completed:dueDate:createdAt:ownerId:labels:)' declared here
struct Task: Codable, Identifiable {
       ^
/Users/scawful/Code/halext-org/ios/Cafe/Core/Storage/SwiftDataModels.swift:68:33: error: missing argument for parameter 'ownerId' in call
            createdAt: createdAt,
                                ^
                                , ownerId: <#Int#>
/Users/scawful/Code/halext-org/ios/Cafe/Core/Models/Models.swift:73:8: note: 'init(id:title:description:completed:dueDate:createdAt:ownerId:labels:)' declared here
struct Task: Codable, Identifiable {
       ^
/Users/scawful/Code/halext-org/ios/Cafe/Core/Storage/SwiftDataModels.swift:84:29: error: value of type 'Task' has no member 'updatedAt'
            updatedAt: task.updatedAt,
                       ~~~~ ^~~~~~~~~
/Users/scawful/Code/halext-org/ios/Cafe/Core/Storage/SwiftDataModels.swift:85:26: error: value of type 'Task' has no member 'userId'
            userId: task.userId,
                    ~~~~ ^~~~~~
/Users/scawful/Code/halext-org/ios/Cafe/Core/Storage/SwiftDataModels.swift:141:14: error: extra arguments at positions #8, #9 in call
        Event(
             ^
/Users/scawful/Code/halext-org/ios/Cafe/Core/Models/Models.swift:130:8: note: 'init(id:title:description:startTime:endTime:location:recurrenceType:recurrenceInterval:recurrenceEndDate:ownerId:)' declared here
struct Event: Codable, Identifiable {
       ^
/Users/scawful/Code/halext-org/ios/Cafe/Core/Storage/SwiftDataModels.swift:141:14: error: missing arguments for parameters 'recurrenceInterval', 'recurrenceEndDate', 'ownerId' in call
        Event(
             ^
/Users/scawful/Code/halext-org/ios/Cafe/Core/Models/Models.swift:130:8: note: 'init(id:title:description:startTime:endTime:location:recurrenceType:recurrenceInterval:recurrenceEndDate:ownerId:)' declared here
struct Event: Codable, Identifiable {
       ^
/Users/scawful/Code/halext-org/ios/Cafe/Core/Storage/SwiftDataModels.swift:163:30: error: value of type 'Event' has no member 'createdAt'
            createdAt: event.createdAt,
                       ~~~~~ ^~~~~~~~~
/Users/scawful/Code/halext-org/ios/Cafe/Core/Storage/SwiftDataModels.swift:164:27: error: value of type 'Event' has no member 'userId'
            userId: event.userId,
                    ~~~~~ ^~~~~~

SwiftCompile normal x86_64 /Users/scawful/Code/halext-org/ios/Cafe/Core/Sync/SyncManager.swift (in target 'Cafe' from project 'Cafe')
    cd /Users/scawful/Code/halext-org/ios
    
/Users/scawful/Code/halext-org/ios/Cafe/Core/Sync/SyncManager.swift:300:46: error: cannot find type 'EventUpdate' in scope
    func updateEventOffline(id: Int, update: EventUpdate) async throws {
                                             ^~~~~~~~~~~
/Users/scawful/Code/halext-org/ios/Cafe/Core/Sync/SyncManager.swift:126:41: error: incorrect argument label in call (have 'id:update:', expected 'id:completed:')
            _ = try await api.updateTask(id: entityId, update: taskUpdate)
                                        ^              ~~~~~~
                                                       completed
/Users/scawful/Code/halext-org/ios/Cafe/Core/Sync/SyncManager.swift:126:64: error: cannot convert value of type 'TaskUpdate' to expected argument type 'Bool'
            _ = try await api.updateTask(id: entityId, update: taskUpdate)
                                                               ^
/Users/scawful/Code/halext-org/ios/Cafe/Core/Sync/SyncManager.swift:144:63: error: cannot find 'EventUpdate' in scope
                  let eventUpdate = try? JSONDecoder().decode(EventUpdate.self, from: payload) else {
                                                              ^~~~~~~~~~~
/Users/scawful/Code/halext-org/ios/Cafe/Core/Sync/SyncManager.swift:144:56: error: type of expression is ambiguous without a type annotation
                  let eventUpdate = try? JSONDecoder().decode(EventUpdate.self, from: payload) else {
                                    ~~~~~~~~~~~~~~~~~~~^~~~~~~~~~~~~~~~~~~~~~~~~~~~~~~~~~~~~~~
/Users/scawful/Code/halext-org/ios/Cafe/Core/Sync/SyncManager.swift:147:31: error: value of type 'APIClient' has no member 'updateEvent'
            _ = try await api.updateEvent(id: entityId, update: eventUpdate)
                          ~~~ ^~~~~~~~~~~
/Users/scawful/Code/halext-org/ios/Cafe/Core/Sync/SyncManager.swift:153:27: error: value of type 'APIClient' has no member 'deleteEvent'
            try await api.deleteEvent(id: entityId)
                      ~~~ ^~~~~~~~~~~
/Users/scawful/Code/halext-org/ios/Cafe/Core/Sync/SyncManager.swift:193:24: error: extra arguments at positions #7, #8 in call
        let task = Task(
                       ^
/Users/scawful/Code/halext-org/ios/Cafe/Core/Models/Models.swift:73:8: note: 'init(id:title:description:completed:dueDate:createdAt:ownerId:labels:)' declared here
struct Task: Codable, Identifiable {
       ^
/Users/scawful/Code/halext-org/ios/Cafe/Core/Sync/SyncManager.swift:199:30: error: missing argument for parameter 'ownerId' in call
            createdAt: Date(),
                             ^
                             , ownerId: <#Int#>
/Users/scawful/Code/halext-org/ios/Cafe/Core/Models/Models.swift:73:8: note: 'init(id:title:description:completed:dueDate:createdAt:ownerId:labels:)' declared here
struct Task: Codable, Identifiable {
       ^
/Users/scawful/Code/halext-org/ios/Cafe/Core/Sync/SyncManager.swift:227:31: error: value of type 'TaskUpdate' has no member 'title'
        if let title = update.title {
                       ~~~~~~ ^~~~~
/Users/scawful/Code/halext-org/ios/Cafe/Core/Sync/SyncManager.swift:228:18: error: cannot assign to property: 'title' is a 'let' constant
            task.title = title
            ~~~~~^~~~~
/Users/scawful/Code/halext-org/ios/Cafe/Core/Models/Models.swift:75:5: note: change 'let' to 'var' to make it mutable
    let title: String
    ^~~
    var
/Users/scawful/Code/halext-org/ios/Cafe/Core/Sync/SyncManager.swift:230:37: error: value of type 'TaskUpdate' has no member 'description'
        if let description = update.description {
                             ~~~~~~ ^~~~~~~~~~~
/Users/scawful/Code/halext-org/ios/Cafe/Core/Sync/SyncManager.swift:231:18: error: cannot assign to property: 'description' is a 'let' constant
            task.description = description
            ~~~~~^~~~~~~~~~~
/Users/scawful/Code/halext-org/ios/Cafe/Core/Models/Models.swift:76:5: note: change 'let' to 'var' to make it mutable
    let description: String?
    ^~~
    var
/Users/scawful/Code/halext-org/ios/Cafe/Core/Sync/SyncManager.swift:234:18: error: cannot assign to property: 'completed' is a 'let' constant
            task.completed = completed
            ~~~~~^~~~~~~~~
/Users/scawful/Code/halext-org/ios/Cafe/Core/Models/Models.swift:77:5: note: change 'let' to 'var' to make it mutable
    let completed: Bool
    ^~~
    var
/Users/scawful/Code/halext-org/ios/Cafe/Core/Sync/SyncManager.swift:233:12: error: initializer for conditional binding must have Optional type, not 'Bool'
        if let completed = update.completed {
           ^               ~~~~~~~~~~~~~~~~
/Users/scawful/Code/halext-org/ios/Cafe/Core/Sync/SyncManager.swift:236:33: error: value of type 'TaskUpdate' has no member 'dueDate'
        if let dueDate = update.dueDate {
                         ~~~~~~ ^~~~~~~
/Users/scawful/Code/halext-org/ios/Cafe/Core/Sync/SyncManager.swift:237:18: error: cannot assign to property: 'dueDate' is a 'let' constant
            task.dueDate = dueDate
            ~~~~~^~~~~~~
/Users/scawful/Code/halext-org/ios/Cafe/Core/Models/Models.swift:78:5: note: change 'let' to 'var' to make it mutable
    let dueDate: Date?
    ^~~
    var
/Users/scawful/Code/halext-org/ios/Cafe/Core/Sync/SyncManager.swift:274:26: error: extra arguments at positions #8, #9 in call
        let event = Event(
                         ^
/Users/scawful/Code/halext-org/ios/Cafe/Core/Models/Models.swift:130:8: note: 'init(id:title:description:startTime:endTime:location:recurrenceType:recurrenceInterval:recurrenceEndDate:ownerId:)' declared here
struct Event: Codable, Identifiable {
       ^
/Users/scawful/Code/halext-org/ios/Cafe/Core/Sync/SyncManager.swift:274:26: error: missing arguments for parameters 'recurrenceInterval', 'recurrenceEndDate', 'ownerId' in call
        let event = Event(
                         ^
/Users/scawful/Code/halext-org/ios/Cafe/Core/Models/Models.swift:130:8: note: 'init(id:title:description:startTime:endTime:location:recurrenceType:recurrenceInterval:recurrenceEndDate:ownerId:)' declared here
struct Event: Codable, Identifiable {
       ^
/Users/scawful/Code/halext-org/ios/Cafe/Core/Sync/SyncManager.swift:306:19: error: cannot assign to property: 'title' is a 'let' constant
            event.title = title
            ~~~~~~^~~~~
/Users/scawful/Code/halext-org/ios/Cafe/Core/Models/Models.swift:132:5: note: change 'let' to 'var' to make it mutable
    let title: String
    ^~~
    var
/Users/scawful/Code/halext-org/ios/Cafe/Core/Sync/SyncManager.swift:309:19: error: cannot assign to property: 'description' is a 'let' constant
            event.description = description
            ~~~~~~^~~~~~~~~~~
/Users/scawful/Code/halext-org/ios/Cafe/Core/Models/Models.swift:133:5: note: change 'let' to 'var' to make it mutable
    let description: String?
    ^~~
    var
/Users/scawful/Code/halext-org/ios/Cafe/Core/Sync/SyncManager.swift:312:19: error: cannot assign to property: 'startTime' is a 'let' constant
            event.startTime = startTime
            ~~~~~~^~~~~~~~~
/Users/scawful/Code/halext-org/ios/Cafe/Core/Models/Models.swift:134:5: note: change 'let' to 'var' to make it mutable
    let startTime: Date
    ^~~
    var
/Users/scawful/Code/halext-org/ios/Cafe/Core/Sync/SyncManager.swift:315:19: error: cannot assign to property: 'endTime' is a 'let' constant
            event.endTime = endTime
            ~~~~~~^~~~~~~
/Users/scawful/Code/halext-org/ios/Cafe/Core/Models/Models.swift:135:5: note: change 'let' to 'var' to make it mutable
    let endTime: Date
    ^~~
    var
/Users/scawful/Code/halext-org/ios/Cafe/Core/Sync/SyncManager.swift:318:19: error: cannot assign to property: 'location' is a 'let' constant
            event.location = location
            ~~~~~~^~~~~~~~
/Users/scawful/Code/halext-org/ios/Cafe/Core/Models/Models.swift:136:5: note: change 'let' to 'var' to make it mutable
    let location: String?
    ^~~
    var

SwiftCompile normal x86_64 Compiling\ ChatView.swift,\ ChatViewModel.swift,\ DashboardView.swift /Users/scawful/Code/halext-org/ios/Cafe/Features/Chat/ChatView.swift /Users/scawful/Code/halext-org/ios/Cafe/Features/Chat/ChatViewModel.swift /Users/scawful/Code/halext-org/ios/Cafe/Features/Dashboard/DashboardView.swift (in target 'Cafe' from project 'Cafe')
SwiftCompile normal x86_64 /Users/scawful/Code/halext-org/ios/Cafe/Features/Chat/ChatView.swift (in target 'Cafe' from project 'Cafe')
    cd /Users/scawful/Code/halext-org/ios
    

SwiftCompile normal x86_64 /Users/scawful/Code/halext-org/ios/Cafe/Features/Chat/ChatViewModel.swift (in target 'Cafe' from project 'Cafe')
    cd /Users/scawful/Code/halext-org/ios
    

SwiftCompile normal x86_64 /Users/scawful/Code/halext-org/ios/Cafe/Features/Dashboard/DashboardView.swift (in target 'Cafe' from project 'Cafe')
    cd /Users/scawful/Code/halext-org/ios
    

SwiftEmitModule normal x86_64 Emitting\ module\ for\ Cafe (in target 'Cafe' from project 'Cafe')
EmitSwiftModule normal x86_64 (in target 'Cafe' from project 'Cafe')
    cd /Users/scawful/Code/halext-org/ios
    

SwiftCompile normal x86_64 Compiling\ CalendarView.swift,\ CalendarViewModel.swift,\ NewEventView.swift /Users/scawful/Code/halext-org/ios/Cafe/Features/Calendar/CalendarView.swift /Users/scawful/Code/halext-org/ios/Cafe/Features/Calendar/CalendarViewModel.swift /Users/scawful/Code/halext-org/ios/Cafe/Features/Calendar/NewEventView.swift (in target 'Cafe' from project 'Cafe')

SwiftCompile normal x86_64 /Users/scawful/Code/halext-org/ios/Cafe/Features/Calendar/CalendarView.swift (in target 'Cafe' from project 'Cafe')
    cd /Users/scawful/Code/halext-org/ios
    

SwiftCompile normal x86_64 /Users/scawful/Code/halext-org/ios/Cafe/Features/Calendar/CalendarViewModel.swift (in target 'Cafe' from project 'Cafe')
    cd /Users/scawful/Code/halext-org/ios
    

SwiftCompile normal x86_64 /Users/scawful/Code/halext-org/ios/Cafe/Features/Calendar/NewEventView.swift (in target 'Cafe' from project 'Cafe')
    cd /Users/scawful/Code/halext-org/ios
    

SwiftCompile normal x86_64 Compiling\ AppState.swift,\ RootView.swift,\ APIClient.swift,\ BiometricAuthManager.swift /Users/scawful/Code/halext-org/ios/Cafe/App/AppState.swift /Users/scawful/Code/halext-org/ios/Cafe/App/RootView.swift /Users/scawful/Code/halext-org/ios/Cafe/Core/API/APIClient.swift /Users/scawful/Code/halext-org/ios/Cafe/Core/Auth/BiometricAuthManager.swift (in target 'Cafe' from project 'Cafe')

SwiftCompile normal x86_64 /Users/scawful/Code/halext-org/ios/Cafe/App/AppState.swift (in target 'Cafe' from project 'Cafe')
    cd /Users/scawful/Code/halext-org/ios
    

SwiftCompile normal x86_64 /Users/scawful/Code/halext-org/ios/Cafe/App/RootView.swift (in target 'Cafe' from project 'Cafe')
    cd /Users/scawful/Code/halext-org/ios
    

SwiftCompile normal x86_64 /Users/scawful/Code/halext-org/ios/Cafe/Core/API/APIClient.swift (in target 'Cafe' from project 'Cafe')
    cd /Users/scawful/Code/halext-org/ios
    

SwiftCompile normal x86_64 /Users/scawful/Code/halext-org/ios/Cafe/Core/Auth/BiometricAuthManager.swift (in target 'Cafe' from project 'Cafe')
    cd /Users/scawful/Code/halext-org/ios
    

SwiftCompile normal x86_64 Compiling\ DashboardViewModel.swift,\ ThemeSwitcherView.swift,\ NewTaskView.swift /Users/scawful/Code/halext-org/ios/Cafe/Features/Dashboard/DashboardViewModel.swift /Users/scawful/Code/halext-org/ios/Cafe/Features/Settings/ThemeSwitcherView.swift /Users/scawful/Code/halext-org/ios/Cafe/Features/Tasks/NewTaskView.swift (in target 'Cafe' from project 'Cafe')

SwiftCompile normal x86_64 /Users/scawful/Code/halext-org/ios/Cafe/Features/Dashboard/DashboardViewModel.swift (in target 'Cafe' from project 'Cafe')
    cd /Users/scawful/Code/halext-org/ios
    

SwiftCompile normal x86_64 /Users/scawful/Code/halext-org/ios/Cafe/Features/Settings/ThemeSwitcherView.swift (in target 'Cafe' from project 'Cafe')
    cd /Users/scawful/Code/halext-org/ios
    

SwiftCompile normal x86_64 /Users/scawful/Code/halext-org/ios/Cafe/Features/Tasks/NewTaskView.swift (in target 'Cafe' from project 'Cafe')
    cd /Users/scawful/Code/halext-org/ios
    

SwiftCompile normal x86_64 Compiling\ TaskListView.swift,\ CafeApp.swift,\ GeneratedAssetSymbols.swift /Users/scawful/Code/halext-org/ios/Cafe/Features/Tasks/TaskListView.swift /Users/scawful/Code/halext-org/ios/Cafe/CafeApp.swift /Users/scawful/Library/Developer/Xcode/DerivedData/Cafe-fdujhjgqhojqnyffrluumxprnejz/Build/Intermediates.noindex/Cafe.build/Debug-iphonesimulator/Cafe.build/DerivedSources/GeneratedAssetSymbols.swift (in target 'Cafe' from project 'Cafe')
Failed frontend command:
/Applications/Xcode.app/Contents/Developer/Toolchains/XcodeDefault.xctoolchain/usr/bin/swift-frontend -frontend -c /Users/scawful/Code/halext-org/ios/Cafe/App/AppState.swift /Users/scawful/Code/halext-org/ios/Cafe/App/RootView.swift /Users/scawful/Code/halext-org/ios/Cafe/Core/API/APIClient.swift /Users/scawful/Code/halext-org/ios/Cafe/Core/Auth/BiometricAuthManager.swift /Users/scawful/Code/halext-org/ios/Cafe/Core/Auth/KeychainManager.swift /Users/scawful/Code/halext-org/ios/Cafe/Core/Intents/AppIntents.swift /Users/scawful/Code/halext-org/ios/Cafe/Core/Models/AiChatMessage.swift /Users/scawful/Code/halext-org/ios/Cafe/Core/Models/Models.swift /Users/scawful/Code/halext-org/ios/Cafe/Core/Network/NetworkMonitor.swift /Users/scawful/Code/halext-org/ios/Cafe/Core/Notifications/NotificationManager.swift /Users/scawful/Code/halext-org/ios/Cafe/Core/Search/SpotlightManager.swift /Users/scawful/Code/halext-org/ios/Cafe/Core/Storage/StorageManager.swift /Users/scawful/Code/halext-org/ios/Cafe/Core/Storage/SwiftDataModels.swift /Users/scawful/Code/halext-org/ios/Cafe/Core/Sync/SyncManager.swift /Users/scawful/Code/halext-org/ios/Cafe/Core/Theme/ThemeManager.swift /Users/scawful/Code/halext-org/ios/Cafe/Core/Utilities/ColorExtensions.swift /Users/scawful/Code/halext-org/ios/Cafe/Core/Utilities/HapticManager.swift /Users/scawful/Code/halext-org/ios/Cafe/Features/Auth/BiometricAuthView.swift /Users/scawful/Code/halext-org/ios/Cafe/Features/Auth/LoginView.swift /Users/scawful/Code/halext-org/ios/Cafe/Features/Auth/RegisterView.swift /Users/scawful/Code/halext-org/ios/Cafe/Features/Calendar/CalendarView.swift /Users/scawful/Code/halext-org/ios/Cafe/Features/Calendar/CalendarViewModel.swift /Users/scawful/Code/halext-org/ios/Cafe/Features/Calendar/NewEventView.swift /Users/scawful/Code/halext-org/ios/Cafe/Features/Chat/ChatView.swift /Users/scawful/Code/halext-org/ios/Cafe/Features/Chat/ChatViewModel.swift /Users/scawful/Code/halext-org/ios/Cafe/Features/Dashboard/DashboardView.swift /Users/scawful/Code/halext-org/ios/Cafe/Features/Dashboard/DashboardViewModel.swift /Users/scawful/Code/halext-org/ios/Cafe/Features/Settings/ThemeSwitcherView.swift /Users/scawful/Code/halext-org/ios/Cafe/Features/Tasks/NewTaskView.swift -primary-file /Users/scawful/Code/halext-org/ios/Cafe/Features/Tasks/TaskListView.swift -primary-file /Users/scawful/Code/halext-org/ios/Cafe/CafeApp.swift -primary-file /Users/scawful/Library/Developer/Xcode/DerivedData/Cafe-fdujhjgqhojqnyffrluumxprnejz/Build/Intermediates.noindex/Cafe.build/Debug-iphonesimulator/Cafe.build/DerivedSources/GeneratedAssetSymbols.swift -supplementary-output-file-map /Users/scawful/Library/Developer/Xcode/DerivedData/Cafe-fdujhjgqhojqnyffrluumxprnejz/Build/Intermediates.noindex/Cafe.build/Debug-iphonesimulator/Cafe.build/Objects-normal/x86_64/supplementaryOutputs-10 -emit-localized-strings -emit-localized-strings-path /Users/scawful/Library/Developer/Xcode/DerivedData/Cafe-fdujhjgqhojqnyffrluumxprnejz/Build/Intermediates.noindex/Cafe.build/Debug-iphonesimulator/Cafe.build/Objects-normal/x86_64 -target x86_64-apple-ios26.1-simulator -module-can-import-version DeveloperToolsSupport 23.0.4 23.0.4 -module-can-import-version SwiftUI 7.1.13.1 7.1.13 -module-can-import-version UIKit 9126.1.12.1 9126.1.12 -disable-cross-import-overlay-search -swift-module-cross-import AppIntents /Applications/Xcode.app/Contents/Developer/Platforms/iPhoneSimulator.platform/Developer/SDKs/iPhoneSimulator.sdk/System/Library/Frameworks/AppIntents.framework/Modules/AppIntents.swiftcrossimport/SwiftUI.swiftoverlay -swift-module-cross-import AppIntents /Applications/Xcode.app/Contents/Developer/Platforms/iPhoneSimulator.platform/Developer/SDKs/iPhoneSimulator.sdk/System/Library/Frameworks/AppIntents.framework/Modules/AppIntents.swiftcrossimport/UIKit.swiftoverlay -swift-module-cross-import AppIntents /Applications/Xcode.app/Contents/Developer/Platforms/iPhoneSimulator.platform/Developer/SDKs/iPhoneSimulator26.1.sdk/System/Library/Frameworks/AppIntents.framework/Modules/AppIntents.swiftcrossimport/SwiftUI.swiftoverlay -swift-module-cross-import AppIntents /Applications/Xcode.app/Contents/Developer/Platforms/iPhoneSimulator.platform/Developer/SDKs/iPhoneSimulator26.1.sdk/System/Library/Frameworks/AppIntents.framework/Modules/AppIntents.swiftcrossimport/UIKit.swiftoverlay -swift-module-cross-import RelevanceKit /Applications/Xcode.app/Contents/Developer/Platforms/iPhoneSimulator.platform/Developer/SDKs/iPhoneSimulator.sdk/System/Library/Frameworks/RelevanceKit.framework/Modules/RelevanceKit.swiftcrossimport/MapKit.swiftoverlay -swift-module-cross-import RelevanceKit /Applications/Xcode.app/Contents/Developer/Platforms/iPhoneSimulator.platform/Developer/SDKs/iPhoneSimulator26.1.sdk/System/Library/Frameworks/RelevanceKit.framework/Modules/RelevanceKit.swiftcrossimport/MapKit.swiftoverlay -swift-module-cross-import SwiftData /Applications/Xcode.app/Contents/Developer/Platforms/iPhoneSimulator.platform/Developer/SDKs/iPhoneSimulator26.1.sdk/System/Library/Frameworks/SwiftData.framework/Modules/SwiftData.swiftcrossimport/CoreData.swiftoverlay -swift-module-cross-import SwiftData /Applications/Xcode.app/Contents/Developer/Platforms/iPhoneSimulator.platform/Developer/SDKs/iPhoneSimulator26.1.sdk/System/Library/Frameworks/SwiftData.framework/Modules/SwiftData.swiftcrossimport/SwiftUI.swiftoverlay -load-resolved-plugin /Applications/Xcode.app/Contents/Developer/Platforms/iPhoneOS.platform/Developer/usr/lib/swift/host/plugins/libAppIntentsMacros.dylib\#/Applications/Xcode.app/Contents/Developer/Platforms/iPhoneOS.platform/Developer/usr/bin/swift-plugin-server\#AppIntentsMacros -load-resolved-plugin /Applications/Xcode.app/Contents/Developer/Platforms/iPhoneOS.platform/Developer/usr/lib/swift/host/plugins/libFoundationMacros.dylib\#/Applications/Xcode.app/Contents/Developer/Platforms/iPhoneOS.platform/Developer/usr/bin/swift-plugin-server\#FoundationMacros -load-resolved-plugin /Applications/Xcode.app/Contents/Developer/Platforms/iPhoneOS.platform/Developer/usr/lib/swift/host/plugins/libObservationMacros.dylib\#/Applications/Xcode.app/Contents/Developer/Platforms/iPhoneOS.platform/Developer/usr/bin/swift-plugin-server\#ObservationMacros -load-resolved-plugin /Applications/Xcode.app/Contents/Developer/Platforms/iPhoneOS.platform/Developer/usr/lib/swift/host/plugins/libPreviewsMacros.dylib\#/Applications/Xcode.app/Contents/Developer/Platforms/iPhoneOS.platform/Developer/usr/bin/swift-plugin-server\#PreviewsMacros -load-resolved-plugin /Applications/Xcode.app/Contents/Developer/Platforms/iPhoneOS.platform/Developer/usr/lib/swift/host/plugins/libSwiftDataMacros.dylib\#/Applications/Xcode.app/Contents/Developer/Platforms/iPhoneOS.platform/Developer/usr/bin/swift-plugin-server\#SwiftDataMacros -load-resolved-plugin /Applications/Xcode.app/Contents/Developer/Platforms/iPhoneOS.platform/Developer/usr/lib/swift/host/plugins/libSwiftMacros.dylib\#/Applications/Xcode.app/Contents/Developer/Platforms/iPhoneOS.platform/Developer/usr/bin/swift-plugin-server\#SwiftMacros -load-resolved-plugin /Applications/Xcode.app/Contents/Developer/Platforms/iPhoneOS.platform/Developer/usr/lib/swift/host/plugins/libSwiftUIMacros.dylib\#/Applications/Xcode.app/Contents/Developer/Platforms/iPhoneOS.platform/Developer/usr/bin/swift-plugin-server\#SwiftUIMacros -disable-implicit-swift-modules -Xcc -fno-implicit-modules -Xcc -fno-implicit-module-maps -explicit-swift-module-map-file /Users/scawful/Library/Developer/Xcode/DerivedData/Cafe-fdujhjgqhojqnyffrluumxprnejz/Build/Intermediates.noindex/Cafe.build/Debug-iphonesimulator/Cafe.build/Objects-normal/x86_64/Cafe-dependencies-2.json -enable-objc-interop -sdk /Applications/Xcode.app/Contents/Developer/Platforms/iPhoneSimulator.platform/Developer/SDKs/iPhoneSimulator26.1.sdk -I /Users/scawful/Library/Developer/Xcode/DerivedData/Cafe-fdujhjgqhojqnyffrluumxprnejz/Build/Products/Debug-iphonesimulator -F /Users/scawful/Library/Developer/Xcode/DerivedData/Cafe-fdujhjgqhojqnyffrluumxprnejz/Build/Products/Debug-iphonesimulator -no-color-diagnostics -Xcc -fno-color-diagnostics -enable-testing -g -debug-info-format\=dwarf -dwarf-version\=5 -module-cache-path /Users/scawful/Library/Developer/Xcode/DerivedData/Cafe-fdujhjgqhojqnyffrluumxprnejz/Build/Intermediates.noindex/SwiftExplicitPrecompiledModules -swift-version 5 -enforce-exclusivity\=checked -Onone -D DEBUG -serialize-debugging-options -const-gather-protocols-file /Users/scawful/Library/Developer/Xcode/DerivedData/Cafe-fdujhjgqhojqnyffrluumxprnejz/Build/Intermediates.noindex/Cafe.build/Debug-iphonesimulator/Cafe.build/Objects-normal/x86_64/Cafe_const_extract_protocols.json -enable-upcoming-feature DisableOutwardActorInference -enable-upcoming-feature InferSendableFromCaptures -enable-upcoming-feature GlobalActorIsolatedTypesUsability -enable-upcoming-feature MemberImportVisibility -enable-upcoming-feature InferIsolatedConformances -enable-upcoming-feature NonisolatedNonsendingByDefault -enable-experimental-feature DebugDescriptionMacro -enable-bare-slash-regex -default-isolation\=MainActor -empty-abi-descriptor -validate-clang-modules-once -clang-build-session-file /Users/scawful/Library/Developer/Xcode/DerivedData/ModuleCache.noindex/Session.modulevalidation -Xcc -working-directory -Xcc /Users/scawful/Code/halext-org/ios -enable-anonymous-context-mangled-names -file-compilation-dir /Users/scawful/Code/halext-org/ios -Xcc -D_LIBCPP_HARDENING_MODE\=_LIBCPP_HARDENING_MODE_DEBUG -Xcc -ivfsstatcache -Xcc /Users/scawful/Library/Developer/Xcode/DerivedData/SDKStatCaches.noindex/iphonesimulator26.1-23B77-90cf18a4295e390e64c810bc6bd7acbc.sdkstatcache -Xcc -I/Users/scawful/Library/Developer/Xcode/DerivedData/Cafe-fdujhjgqhojqnyffrluumxprnejz/Build/Intermediates.noindex/Cafe.build/Debug-iphonesimulator/Cafe.build/swift-overrides.hmap -Xcc -iquote -Xcc /Users/scawful/Library/Developer/Xcode/DerivedData/Cafe-fdujhjgqhojqnyffrluumxprnejz/Build/Intermediates.noindex/Cafe.build/Debug-iphonesimulator/Cafe.build/Cafe-generated-files.hmap -Xcc -I/Users/scawful/Library/Developer/Xcode/DerivedData/Cafe-fdujhjgqhojqnyffrluumxprnejz/Build/Intermediates.noindex/Cafe.build/Debug-iphonesimulator/Cafe.build/Cafe-own-target-headers.hmap -Xcc -I/Users/scawful/Library/Developer/Xcode/DerivedData/Cafe-fdujhjgqhojqnyffrluumxprnejz/Build/Intermediates.noindex/Cafe.build/Debug-iphonesimulator/Cafe.build/Cafe-all-target-headers.hmap -Xcc -iquote -Xcc /Users/scawful/Library/Developer/Xcode/DerivedData/Cafe-fdujhjgqhojqnyffrluumxprnejz/Build/Intermediates.noindex/Cafe.build/Debug-iphonesimulator/Cafe.build/Cafe-project-headers.hmap -Xcc -I/Users/scawful/Library/Developer/Xcode/DerivedData/Cafe-fdujhjgqhojqnyffrluumxprnejz/Build/Products/Debug-iphonesimulator/include -Xcc -I/Users/scawful/Library/Developer/Xcode/DerivedData/Cafe-fdujhjgqhojqnyffrluumxprnejz/Build/Intermediates.noindex/Cafe.build/Debug-iphonesimulator/Cafe.build/DerivedSources-normal/x86_64 -Xcc -I/Users/scawful/Library/Developer/Xcode/DerivedData/Cafe-fdujhjgqhojqnyffrluumxprnejz/Build/Intermediates.noindex/Cafe.build/Debug-iphonesimulator/Cafe.build/DerivedSources/x86_64 -Xcc -I/Users/scawful/Library/Developer/Xcode/DerivedData/Cafe-fdujhjgqhojqnyffrluumxprnejz/Build/Intermediates.noindex/Cafe.build/Debug-iphonesimulator/Cafe.build/DerivedSources -Xcc -DDEBUG\=1 -no-auto-bridging-header-chaining -module-name Cafe -frontend-parseable-output -disable-clang-spi -target-sdk-version 26.1 -target-sdk-name iphonesimulator26.1 -clang-target x86_64-apple-ios26.1-simulator -in-process-plugin-server-path /Applications/Xcode.app/Contents/Developer/Toolchains/XcodeDefault.xctoolchain/usr/lib/swift/host/libSwiftInProcPluginServer.dylib -o /Users/scawful/Library/Developer/Xcode/DerivedData/Cafe-fdujhjgqhojqnyffrluumxprnejz/Build/Intermediates.noindex/Cafe.build/Debug-iphonesimulator/Cafe.build/Objects-normal/x86_64/TaskListView.o -o /Users/scawful/Library/Developer/Xcode/DerivedData/Cafe-fdujhjgqhojqnyffrluumxprnejz/Build/Intermediates.noindex/Cafe.build/Debug-iphonesimulator/Cafe.build/Objects-normal/x86_64/CafeApp.o -o /Users/scawful/Library/Developer/Xcode/DerivedData/Cafe-fdujhjgqhojqnyffrluumxprnejz/Build/Intermediates.noindex/Cafe.build/Debug-iphonesimulator/Cafe.build/Objects-normal/x86_64/GeneratedAssetSymbols.o -index-unit-output-path /Cafe.build/Debug-iphonesimulator/Cafe.build/Objects-normal/x86_64/TaskListView.o -index-unit-output-path /Cafe.build/Debug-iphonesimulator/Cafe.build/Objects-normal/x86_64/CafeApp.o -index-unit-output-path /Cafe.build/Debug-iphonesimulator/Cafe.build/Objects-normal/x86_64/GeneratedAssetSymbols.o -index-store-path /Users/scawful/Library/Developer/Xcode/DerivedData/Cafe-fdujhjgqhojqnyffrluumxprnejz/Index.noindex/DataStore -index-system-modules

SwiftCompile normal x86_64 /Users/scawful/Code/halext-org/ios/Cafe/Features/Tasks/TaskListView.swift (in target 'Cafe' from project 'Cafe')
    cd /Users/scawful/Code/halext-org/ios
    
/Users/scawful/Code/halext-org/ios/Cafe/Features/Tasks/TaskListView.swift:175:36: error: extra arguments at positions #1, #2, #4, #5 in call
            let update = TaskUpdate(
                                   ^
/Users/scawful/Code/halext-org/ios/Cafe/Core/Models/Models.swift:69:8: note: 'init(completed:)' declared here
struct TaskUpdate: Codable {
       ^
/Users/scawful/Code/halext-org/ios/Cafe/Features/Tasks/TaskListView.swift:176:24: error: 'nil' requires a contextual type
                title: nil,
                       ^
/Users/scawful/Code/halext-org/ios/Cafe/Features/Tasks/TaskListView.swift:177:30: error: 'nil' requires a contextual type
                description: nil,
                             ^
/Users/scawful/Code/halext-org/ios/Cafe/Features/Tasks/TaskListView.swift:179:26: error: 'nil' requires a contextual type
                dueDate: nil,
                         ^
/Users/scawful/Code/halext-org/ios/Cafe/Features/Tasks/TaskListView.swift:180:25: error: 'nil' requires a contextual type
                labels: nil
                        ^
/Users/scawful/Code/halext-org/ios/Cafe/Features/Tasks/TaskListView.swift:201:38: error: cannot assign to property: 'completed' is a 'let' constant
                        tasks[index].completed = !tasks[index].completed
                        ~~~~~~~~~~~~~^~~~~~~~~
/Users/scawful/Code/halext-org/ios/Cafe/Core/Models/Models.swift:77:5: note: change 'let' to 'var' to make it mutable
    let completed: Bool
    ^~~
    var

SwiftCompile normal x86_64 /Users/scawful/Code/halext-org/ios/Cafe/CafeApp.swift (in target 'Cafe' from project 'Cafe')
    cd /Users/scawful/Code/halext-org/ios
    

SwiftCompile normal x86_64 /Users/scawful/Library/Developer/Xcode/DerivedData/Cafe-fdujhjgqhojqnyffrluumxprnejz/Build/Intermediates.noindex/Cafe.build/Debug-iphonesimulator/Cafe.build/DerivedSources/GeneratedAssetSymbols.swift (in target 'Cafe' from project 'Cafe')
    cd /Users/scawful/Code/halext-org/ios
    

SwiftCompile normal x86_64 Compiling\ NetworkMonitor.swift,\ NotificationManager.swift,\ SpotlightManager.swift /Users/scawful/Code/halext-org/ios/Cafe/Core/Network/NetworkMonitor.swift /Users/scawful/Code/halext-org/ios/Cafe/Core/Notifications/NotificationManager.swift /Users/scawful/Code/halext-org/ios/Cafe/Core/Search/SpotlightManager.swift (in target 'Cafe' from project 'Cafe')

SwiftCompile normal x86_64 /Users/scawful/Code/halext-org/ios/Cafe/Core/Network/NetworkMonitor.swift (in target 'Cafe' from project 'Cafe')
    cd /Users/scawful/Code/halext-org/ios
    

SwiftCompile normal x86_64 /Users/scawful/Code/halext-org/ios/Cafe/Core/Notifications/NotificationManager.swift (in target 'Cafe' from project 'Cafe')
    cd /Users/scawful/Code/halext-org/ios
    

SwiftCompile normal x86_64 /Users/scawful/Code/halext-org/ios/Cafe/Core/Search/SpotlightManager.swift (in target 'Cafe' from project 'Cafe')
    cd /Users/scawful/Code/halext-org/ios
    

SwiftEmitModule normal arm64 Emitting\ module\ for\ Cafe (in target 'Cafe' from project 'Cafe')

** BUILD FAILED **


The following build commands failed:
	SwiftCompile normal x86_64 /Users/scawful/Code/halext-org/ios/Cafe/Core/Storage/StorageManager.swift (in target 'Cafe' from project 'Cafe')
	SwiftCompile normal x86_64 /Users/scawful/Code/halext-org/ios/Cafe/Core/Storage/SwiftDataModels.swift (in target 'Cafe' from project 'Cafe')
	SwiftCompile normal x86_64 /Users/scawful/Code/halext-org/ios/Cafe/Core/Sync/SyncManager.swift (in target 'Cafe' from project 'Cafe')
	SwiftCompile normal x86_64 Compiling\ TaskListView.swift,\ CafeApp.swift,\ GeneratedAssetSymbols.swift /Users/scawful/Code/halext-org/ios/Cafe/Features/Tasks/TaskListView.swift /Users/scawful/Code/halext-org/ios/Cafe/CafeApp.swift /Users/scawful/Library/Developer/Xcode/DerivedData/Cafe-fdujhjgqhojqnyffrluumxprnejz/Build/Intermediates.noindex/Cafe.build/Debug-iphonesimulator/Cafe.build/DerivedSources/GeneratedAssetSymbols.swift (in target 'Cafe' from project 'Cafe')
	SwiftCompile normal x86_64 /Users/scawful/Code/halext-org/ios/Cafe/Features/Tasks/TaskListView.swift (in target 'Cafe' from project 'Cafe')
	Building project Cafe with scheme Cafe
(6 failures)
